<?xml version="1.0" encoding="UTF-8"?>
<!-- Generated by org.testng.reporters.JUnitReportReporter -->
<testsuite hostname="DESKTOP-U2D6G6J" name="com.training.TestNGwithMaven.LoginTests" tests="3" failures="0" timestamp="3 Jun 2021 15:51:16 GMT" time="0.007" errors="0">
  <testcase name="run" time="0.002" classname="com.training.TestNGwithMaven.LoginTests"/>
  <testcase name="start" time="0.003" classname="com.training.TestNGwithMaven.LoginTests"/>
  <testcase name="stop" time="0.002" classname="com.training.TestNGwithMaven.LoginTests"/>
</testsuite> <!-- com.training.TestNGwithMaven.LoginTests -->
