<?xml version="1.0" encoding="UTF-8"?>
<!-- Generated by org.testng.reporters.JUnitReportReporter -->
<testsuite hostname="DESKTOP-U2D6G6J" name="com.training.TestNGwithMaven.SecondTestClass" tests="3" failures="0" timestamp="3 Jun 2021 15:51:16 GMT" time="0.008" errors="0">
  <testcase name="stop" time="0.000" classname="com.training.TestNGwithMaven.SecondTestClass"/>
  <testcase name="start" time="0.001" classname="com.training.TestNGwithMaven.SecondTestClass"/>
  <testcase name="run" time="0.007" classname="com.training.TestNGwithMaven.SecondTestClass"/>
</testsuite> <!-- com.training.TestNGwithMaven.SecondTestClass -->
